<?xml version="1.0" encoding="UTF-8"?>
<coverage generated="1678109023459" clover="3.2.0">
  <project timestamp="1678109023460" name="All files">
    <metrics statements="8" coveredstatements="5" conditionals="2" coveredconditionals="1" methods="2" coveredmethods="1" elements="12" coveredelements="7" complexity="0" loc="8" ncloc="8" packages="1" files="1" classes="1"/>
    <file name="dummy-service.js" path="D:\Twitter_Dev\src\services\dummy-service.js">
      <metrics statements="8" coveredstatements="5" conditionals="2" coveredconditionals="1" methods="2" coveredmethods="1"/>
      <line num="1" count="1" type="stmt"/>
      <line num="2" count="0" type="stmt"/>
      <line num="3" count="0" type="stmt"/>
      <line num="6" count="1" type="stmt"/>
      <line num="7" count="1" type="stmt"/>
      <line num="8" count="1" type="cond" truecount="1" falsecount="1"/>
      <line num="9" count="1" type="stmt"/>
      <line num="11" count="0" type="stmt"/>
    </file>
  </project>
</coverage>
