{"D:\\Twitter_Dev\\src\\services\\dummy-service.js": {"path":"D:\\Twitter_Dev\\src\\services\\dummy-service.js","statementMap":{"0":{"start":{"line":1,"column":22},"end":{"line":4,"column":1}},"1":{"start":{"line":2,"column":14},"end":{"line":2,"column":44}},"2":{"start":{"line":3,"column":2},"end":{"line":3,"column":22}},"3":{"start":{"line":6,"column":23},"end":{"line":13,"column":1}},"4":{"start":{"line":7,"column":17},"end":{"line":7,"column":21}},"5":{"start":{"line":8,"column":2},"end":{"line":12,"column":3}},"6":{"start":{"line":9,"column":4},"end":{"line":9,"column":25}},"7":{"start":{"line":11,"column":4},"end":{"line":11,"column":30}}},"fnMap":{"0":{"name":"(anonymous_0)","decl":{"start":{"line":1,"column":22},"end":{"line":1,"column":23}},"loc":{"start":{"line":1,"column":28},"end":{"line":4,"column":1}},"line":1},"1":{"name":"(anonymous_1)","decl":{"start":{"line":6,"column":23},"end":{"line":6,"column":24}},"loc":{"start":{"line":6,"column":29},"end":{"line":13,"column":1}},"line":6}},"branchMap":{"0":{"loc":{"start":{"line":8,"column":2},"end":{"line":12,"column":3}},"type":"if","locations":[{"start":{"line":8,"column":2},"end":{"line":12,"column":3}},{"start":{"line":10,"column":9},"end":{"line":12,"column":3}}],"line":8}},"s":{"0":1,"1":0,"2":0,"3":1,"4":1,"5":1,"6":1,"7":0},"f":{"0":0,"1":1},"b":{"0":[1,0]},"_coverageSchema":"1a1c01bbd47fc00a2c39e90264f33305004495a9","hash":"508293bfa60738bab77cb28f355402a648370c8b"}
}
